0 info it worked if it ends with ok
1 verbose cli [ 'D:\\Portables\\NodeJs\\node.exe',
1 verbose cli   'D:\\Portables\\NodeJs\\node_modules\\npm\\bin\\npm-cli.js',
1 verbose cli   'version',
1 verbose cli   'patch',
1 verbose cli   '-m',
1 verbose cli   'automated readme generation' ]
2 info using npm@2.15.9
3 info using node@v4.6.0
4 info git [ 'status', '--porcelain' ]
5 verbose stack Error: Git working directory not clean.
5 verbose stack AD npm-debug.log
5 verbose stack M  package.json
5 verbose stack     at D:\Portables\NodeJs\node_modules\npm\lib\version.js:171:21
5 verbose stack     at ChildProcess.exithandler (child_process.js:204:7)
5 verbose stack     at emitTwo (events.js:87:13)
5 verbose stack     at ChildProcess.emit (events.js:172:7)
5 verbose stack     at maybeClose (internal/child_process.js:829:16)
5 verbose stack     at Socket.<anonymous> (internal/child_process.js:319:11)
5 verbose stack     at emitOne (events.js:77:13)
5 verbose stack     at Socket.emit (events.js:169:7)
5 verbose stack     at Pipe._onclose (net.js:486:12)
6 verbose cwd D:\Portables\NodeJs\hbsrender
7 error Windows_NT 6.3.9600
8 error argv "D:\\Portables\\NodeJs\\node.exe" "D:\\Portables\\NodeJs\\node_modules\\npm\\bin\\npm-cli.js" "version" "patch" "-m" "automated readme generation"
9 error node v4.6.0
10 error npm  v2.15.9
11 error Git working directory not clean.
11 error AD npm-debug.log
11 error M  package.json
12 error If you need help, you may report this error at:
12 error     <https://github.com/npm/npm/issues>
13 verbose exit [ 1, true ]
